#
# A fatal error has been detected by the Java Runtime Environment:
#
#  EXCEPTION_ACCESS_VIOLATION (0xc0000005) at pc=0x6d307c6c, pid=9420, tid=16648
#
# JRE version: 6.0_45-b06
# Java VM: Java HotSpot(TM) Client VM (20.45-b01 mixed mode, sharing windows-x86 )
# Problematic frame:
# C  [fontmanager.dll+0x27c6c]
#
# If you would like to submit a bug report, please visit:
#   http://java.sun.com/webapps/bugreport/crash.jsp
# The crash happened outside the Java Virtual Machine in native code.
# See problematic frame for where to report the bug.
#

---------------  T H R E A D  ---------------

Current thread (0x04eedc00):  JavaThread "AWT-EventQueue-0" [_thread_in_native, id=16648, stack(0x05f20000,0x05f70000)]

siginfo: ExceptionCode=0xc0000005, reading address 0x04fc6bc7

Registers:
EAX=0x0000f1ff, EBX=0x05f6e3b8, ECX=0x04fc6bc7, EDX=0x0000fff1
ESP=0x05f6e0e8, EBP=0x05f6e0e8, ESI=0x04fb6bd8, EDI=0xffffffff
EIP=0x6d307c6c, EFLAGS=0x00010202

Top of Stack: (sp=0x05f6e0e8)
0x05f6e0e8:   05f6e19c 6d30dc14 00000024 05f6e6fc
0x05f6e0f8:   05f6e1dc 05f6e6fc 04fb6532 6d30dce5
0x05f6e108:   00000024 00000000 05f6e6fc 05f6e1dc
0x05f6e118:   05f6e3b8 05f6e3b8 05f6e760 04eedd28
0x05f6e128:   24010008 0000000c 00000000 24991a40
0x05f6e138:   00000003 0000001c 00000000 00000000
0x05f6e148:   0000001c 00670270 1c00001c 00670270
0x05f6e158:   f0000000 05f6e17c 390fac08 05f6e260 

Instructions: (pc=0x6d307c6c)
0x6d307c4c:   45 08 d8 45 f4 d9 5d f4 ff 75 0c 8b 07 8d 4d f0
0x6d307c5c:   51 8b cf ff 50 58 5f 5e 5b c9 c2 08 00 55 8b ec
0x6d307c6c:   66 8b 01 0f b6 d4 8a f0 8b c2 48 74 19 48 74 10
0x6d307c7c:   48 ff 75 10 ff 75 0c 75 13 e8 07 ff ff ff eb 11 


Register to memory mapping:

EAX=0x0000f1ff is an unknown value
EBX=0x05f6e3b8 is pointing into the stack for thread: 0x04eedc00
ECX=0x04fc6bc7 is an unknown value
EDX=0x0000fff1 is an unknown value
ESP=0x05f6e0e8 is pointing into the stack for thread: 0x04eedc00
EBP=0x05f6e0e8 is pointing into the stack for thread: 0x04eedc00
ESI=0x04fb6bd8 is an unknown value
EDI=0xffffffff is an unknown value


Stack: [0x05f20000,0x05f70000],  sp=0x05f6e0e8,  free space=312k
Native frames: (J=compiled Java code, j=interpreted, Vv=VM code, C=native code)
C  [fontmanager.dll+0x27c6c]  Java_sun_font_FileFontStrike__1getGlyphImageFromWindows+0x3587
C  [fontmanager.dll+0x2dc14]  Java_sun_font_FileFontStrike__1getGlyphImageFromWindows+0x952f

Java frames: (J=compiled Java code, j=interpreted, Vv=VM code)
j  sun.font.SunLayoutEngine.nativeLayout(Lsun/font/Font2D;Lsun/font/FontStrike;[FII[CIIIIIIILjava/awt/geom/Point2D$Float;Lsun/font/GlyphLayout$GVData;)V+0
j  sun.font.SunLayoutEngine.layout(Lsun/font/FontStrikeDesc;[FIILsun/font/TextRecord;ILjava/awt/geom/Point2D$Float;Lsun/font/GlyphLayout$GVData;)V+70
j  sun.font.GlyphLayout$EngineRecord.layout()V+95
j  sun.font.GlyphLayout.layout(Ljava/awt/Font;Ljava/awt/font/FontRenderContext;[CIIILsun/font/StandardGlyphVector;)Lsun/font/StandardGlyphVector;+541
j  sun.font.ExtendedTextSourceLabel.createGV()Lsun/font/StandardGlyphVector;+63
j  sun.font.ExtendedTextSourceLabel.getGV()Lsun/font/StandardGlyphVector;+9
j  sun.font.ExtendedTextSourceLabel.createLogicalBounds()Ljava/awt/geom/Rectangle2D;+1
j  sun.font.ExtendedTextSourceLabel.getAdvance()F+9
j  java.awt.font.TextLine.init()V+626
j  java.awt.font.TextLine.<init>(Ljava/awt/font/FontRenderContext;[Lsun/font/TextLineComponent;[F[CII[I[BZ)V+79
j  java.awt.font.TextLine.fastCreateTextLine(Ljava/awt/font/FontRenderContext;[CLjava/awt/Font;Lsun/font/CoreMetrics;Ljava/util/Map;)Ljava/awt/font/TextLine;+337
j  java.awt.font.TextLayout.fastInit([CLjava/awt/Font;Ljava/util/Map;Ljava/awt/font/FontRenderContext;)V+83
j  java.awt.font.TextLayout.<init>(Ljava/lang/String;Ljava/awt/Font;Ljava/awt/font/FontRenderContext;)V+124
j  sun.java2d.pipe.OutlineTextRenderer.drawString(Lsun/java2d/SunGraphics2D;Ljava/lang/String;DD)V+23
j  sun.java2d.pipe.GlyphListPipe.drawString(Lsun/java2d/SunGraphics2D;Ljava/lang/String;DD)V+24
j  sun.java2d.SunGraphics2D.drawString(Ljava/lang/String;II)V+60
j  acm.graphics.GLabel.paint(Ljava/awt/Graphics;)V+27
j  acm.graphics.GObject.paintObject(Ljava/awt/Graphics;)V+30
j  acm.graphics.GObjectList.mapPaint(Ljava/awt/Graphics;)V+27
j  acm.graphics.GCompound.paint(Ljava/awt/Graphics;)V+28
j  acm.graphics.GObject.paintObject(Ljava/awt/Graphics;)V+30
j  acm.graphics.GObjectList.mapPaint(Ljava/awt/Graphics;)V+27
j  acm.graphics.GCanvas.paint(Ljava/awt/Graphics;)V+75
j  javax.swing.JComponent.paintChildren(Ljava/awt/Graphics;)V+556
j  javax.swing.JComponent.paint(Ljava/awt/Graphics;)V+322
j  javax.swing.JComponent.paintToOffscreen(Ljava/awt/Graphics;IIIIII)V+41
j  javax.swing.RepaintManager$PaintManager.paintDoubleBuffered(Ljavax/swing/JComponent;Ljava/awt/Image;Ljava/awt/Graphics;IIII)V+105
j  javax.swing.RepaintManager$PaintManager.paint(Ljavax/swing/JComponent;Ljavax/swing/JComponent;Ljava/awt/Graphics;IIII)Z+116
j  javax.swing.RepaintManager.paint(Ljavax/swing/JComponent;Ljavax/swing/JComponent;Ljava/awt/Graphics;IIII)V+52
j  javax.swing.JComponent._paintImmediately(IIII)V+679
j  javax.swing.JComponent.paintImmediately(IIII)V+83
j  javax.swing.RepaintManager$3.run()Ljava/lang/Void;+75
j  javax.swing.RepaintManager$3.run()Ljava/lang/Object;+1
v  ~StubRoutines::call_stub
j  java.security.AccessController.doPrivileged(Ljava/security/PrivilegedAction;Ljava/security/AccessControlContext;)Ljava/lang/Object;+0
j  java.security.AccessControlContext$1.doIntersectionPrivilege(Ljava/security/PrivilegedAction;Ljava/security/AccessControlContext;Ljava/security/AccessControlContext;)Ljava/lang/Object;+28
j  javax.swing.RepaintManager.paintDirtyRegions(Ljava/util/Map;)V+154
j  javax.swing.RepaintManager.paintDirtyRegions()V+46
j  javax.swing.RepaintManager.prePaintDirtyRegions()V+73
j  javax.swing.RepaintManager.access$1000(Ljavax/swing/RepaintManager;)V+1
j  javax.swing.RepaintManager$ProcessingRunnable.run()V+37
j  java.awt.event.InvocationEvent.dispatch()V+47
j  java.awt.EventQueue.dispatchEventImpl(Ljava/awt/AWTEvent;Ljava/lang/Object;)V+21
j  java.awt.EventQueue.access$400(Ljava/awt/EventQueue;Ljava/awt/AWTEvent;Ljava/lang/Object;)V+3
j  java.awt.EventQueue$2.run()Ljava/lang/Void;+12
j  java.awt.EventQueue$2.run()Ljava/lang/Object;+1
v  ~StubRoutines::call_stub
j  java.security.AccessController.doPrivileged(Ljava/security/PrivilegedAction;Ljava/security/AccessControlContext;)Ljava/lang/Object;+0
j  java.security.AccessControlContext$1.doIntersectionPrivilege(Ljava/security/PrivilegedAction;Ljava/security/AccessControlContext;Ljava/security/AccessControlContext;)Ljava/lang/Object;+28
j  java.awt.EventQueue.dispatchEvent(Ljava/awt/AWTEvent;)V+46
j  java.awt.EventDispatchThread.pumpOneEventForFilters(I)Z+204
j  java.awt.EventDispatchThread.pumpEventsForFilter(ILjava/awt/Conditional;Ljava/awt/EventFilter;)V+30
j  java.awt.EventDispatchThread.pumpEventsForHierarchy(ILjava/awt/Conditional;Ljava/awt/Component;)V+11
j  java.awt.EventDispatchThread.pumpEvents(ILjava/awt/Conditional;)V+4
j  java.awt.EventDispatchThread.pumpEvents(Ljava/awt/Conditional;)V+3
j  java.awt.EventDispatchThread.run()V+9
v  ~StubRoutines::call_stub

---------------  P R O C E S S  ---------------

Java Threads: ( => current thread )
=>0x04eedc00 JavaThread "AWT-EventQueue-0" [_thread_in_native, id=16648, stack(0x05f20000,0x05f70000)]
  0x0266a800 JavaThread "AWT-Windows" daemon [_thread_in_native, id=13112, stack(0x05210000,0x05260000)]
  0x0266a000 JavaThread "AWT-Shutdown" [_thread_blocked, id=15080, stack(0x05140000,0x05190000)]
  0x04e91800 JavaThread "Java2D Disposer" daemon [_thread_blocked, id=16704, stack(0x050b0000,0x05100000)]
  0x02634400 JavaThread "TimerQueue" daemon [_thread_blocked, id=15808, stack(0x04e20000,0x04e70000)]
  0x0261fc00 JavaThread "Low Memory Detector" daemon [_thread_blocked, id=6304, stack(0x04b30000,0x04b80000)]
  0x0261bc00 JavaThread "C1 CompilerThread0" daemon [_thread_blocked, id=9356, stack(0x04aa0000,0x04af0000)]
  0x0261ac00 JavaThread "Monitor Ctrl-Break" daemon [_thread_in_native, id=14884, stack(0x04a10000,0x04a60000)]
  0x025fc400 JavaThread "Attach Listener" daemon [_thread_blocked, id=16164, stack(0x04970000,0x049c0000)]
  0x025fa400 JavaThread "Signal Dispatcher" daemon [_thread_blocked, id=2496, stack(0x048e0000,0x04930000)]
  0x025ed800 JavaThread "Finalizer" daemon [_thread_blocked, id=5820, stack(0x04850000,0x048a0000)]
  0x025ec400 JavaThread "Reference Handler" daemon [_thread_blocked, id=15084, stack(0x047c0000,0x04810000)]
  0x0067a800 JavaThread "main" [_thread_blocked, id=14500, stack(0x00680000,0x006d0000)]

Other Threads:
  0x025b0000 VMThread [stack: 0x04730000,0x04780000] [id=15188]
  0x02632800 WatcherThread [stack: 0x04bc0000,0x04c10000] [id=13696]

VM state:not at safepoint (normal execution)

VM Mutex/Monitor currently owned by a thread: None

Heap
 def new generation   total 4928K, used 4468K [0x245c0000, 0x24b10000, 0x29b10000)
  eden space 4416K,  92% used [0x245c0000, 0x249bbde8, 0x24a10000)
  from space 512K,  75% used [0x24a10000, 0x24a71370, 0x24a90000)
  to   space 512K,   0% used [0x24a90000, 0x24a90000, 0x24b10000)
 tenured generation   total 10944K, used 6026K [0x29b10000, 0x2a5c0000, 0x345c0000)
   the space 10944K,  55% used [0x29b10000, 0x2a0f2a58, 0x2a0f2c00, 0x2a5c0000)
 compacting perm gen  total 12288K, used 1035K [0x345c0000, 0x351c0000, 0x385c0000)
   the space 12288K,   8% used [0x345c0000, 0x346c2d28, 0x346c2e00, 0x351c0000)
    ro space 10240K,  55% used [0x385c0000, 0x38b43dd8, 0x38b43e00, 0x38fc0000)
    rw space 12288K,  55% used [0x38fc0000, 0x39666cd0, 0x39666e00, 0x39bc0000)

Code Cache  [0x02690000, 0x02750000, 0x04690000)
 total_blobs=433 nmethods=224 adapters=145 free_code_cache=32775296 largest_free_block=0

Dynamic libraries:
0x00400000 - 0x00425000 	C:\Program Files (x86)\Java\jdk1.6.0_45\bin\java.exe
0x77270000 - 0x7740c000 	C:\Windows\SYSTEM32\ntdll.dll
0x766f0000 - 0x767d0000 	C:\Windows\System32\KERNEL32.DLL
0x75c00000 - 0x75dfb000 	C:\Windows\System32\KERNELBASE.dll
0x70290000 - 0x7032c000 	C:\Windows\SYSTEM32\apphelp.dll
0x75f10000 - 0x75f8e000 	C:\Windows\System32\ADVAPI32.dll
0x75aa0000 - 0x75b60000 	C:\Windows\System32\msvcrt.dll
0x75260000 - 0x752d9000 	C:\Windows\System32\sechost.dll
0x75e50000 - 0x75f0e000 	C:\Windows\System32\RPCRT4.dll
0x748b0000 - 0x748d0000 	C:\Windows\System32\SspiCli.dll
0x748a0000 - 0x748aa000 	C:\Windows\System32\CRYPTBASE.dll
0x77190000 - 0x771f5000 	C:\Windows\System32\bcryptPrimitives.dll
0x7c340000 - 0x7c396000 	C:\Program Files (x86)\Java\jdk1.6.0_45\jre\bin\msvcr71.dll
0x6d8e0000 - 0x6db90000 	C:\Program Files (x86)\Java\jdk1.6.0_45\jre\bin\client\jvm.dll
0x76d10000 - 0x76ea9000 	C:\Windows\System32\USER32.dll
0x751f0000 - 0x75207000 	C:\Windows\System32\win32u.dll
0x75e10000 - 0x75e33000 	C:\Windows\System32\GDI32.dll
0x76aa0000 - 0x76c0a000 	C:\Windows\System32\gdi32full.dll
0x759e0000 - 0x75a60000 	C:\Windows\System32\msvcp_win.dll
0x75f90000 - 0x760b3000 	C:\Windows\System32\ucrtbase.dll
0x707b0000 - 0x707d4000 	C:\Windows\SYSTEM32\WINMM.dll
0x706a0000 - 0x706c3000 	C:\Windows\SYSTEM32\winmmbase.dll
0x76940000 - 0x7697b000 	C:\Windows\System32\cfgmgr32.dll
0x76150000 - 0x76175000 	C:\Windows\System32\IMM32.DLL
0x6d890000 - 0x6d89c000 	C:\Program Files (x86)\Java\jdk1.6.0_45\jre\bin\verify.dll
0x6d3e0000 - 0x6d3ff000 	C:\Program Files (x86)\Java\jdk1.6.0_45\jre\bin\java.dll
0x6d380000 - 0x6d39a000 	C:\Program Files (x86)\Java\jdk1.6.0_45\jre\bin\instrument.dll
0x6d8d0000 - 0x6d8df000 	C:\Program Files (x86)\Java\jdk1.6.0_45\jre\bin\zip.dll
0x6e490000 - 0x6e4a6000 	W:\IntelliJ IDEA 2021.2.3\bin\breakgen.dll
0x6d6c0000 - 0x6d6d3000 	C:\Program Files (x86)\Java\jdk1.6.0_45\jre\bin\net.dll
0x76830000 - 0x7688f000 	C:\Windows\System32\WS2_32.dll
0x716d0000 - 0x71722000 	C:\Windows\system32\mswsock.dll
0x6d0b0000 - 0x6d1fc000 	C:\Program Files (x86)\Java\jdk1.6.0_45\jre\bin\awt.dll
0x76c10000 - 0x76d0c000 	C:\Windows\System32\ole32.dll
0x76eb0000 - 0x77125000 	C:\Windows\System32\combase.dll
0x6c790000 - 0x6c800000 	C:\Windows\SYSTEM32\WINSPOOL.DRV
0x75e40000 - 0x75e4f000 	C:\Windows\System32\kernel.appcore.dll
0x76980000 - 0x76999000 	C:\Windows\System32\bcrypt.dll
0x6e4b0000 - 0x6e6bf000 	C:\Windows\WinSxS\x86_microsoft.windows.common-controls_6595b64144ccf1df_6.0.17763.2300_none_261b1acb67ca6493\COMCTL32.dll
0x71510000 - 0x7168f000 	C:\Windows\SYSTEM32\PROPSYS.dll
0x744a0000 - 0x744d3000 	C:\Windows\SYSTEM32\IPHLPAPI.DLL
0x75b60000 - 0x75bf6000 	C:\Windows\System32\OLEAUT32.dll
0x752e0000 - 0x75369000 	C:\Windows\System32\shcore.dll
0x70580000 - 0x705a6000 	C:\Windows\system32\DWMAPI.DLL
0x75820000 - 0x759d1000 	C:\Windows\System32\CRYPT32.dll
0x748e0000 - 0x748ee000 	C:\Windows\System32\MSASN1.dll
0x75a60000 - 0x75a72000 	C:\Windows\System32\CRYPTSP.dll
0x70440000 - 0x704bb000 	C:\Windows\system32\uxtheme.dll
0x750b0000 - 0x751ec000 	C:\Windows\System32\MSCTF.dll
0x76190000 - 0x766e6000 	C:\Windows\System32\shell32.dll
0x748f0000 - 0x74eef000 	C:\Windows\System32\windows.storage.dll
0x76890000 - 0x768ac000 	C:\Windows\System32\profapi.dll
0x767d0000 - 0x76824000 	C:\Windows\System32\powrprof.dll
0x75210000 - 0x75254000 	C:\Windows\System32\shlwapi.dll
0x6d2e0000 - 0x6d336000 	C:\Program Files (x86)\Java\jdk1.6.0_45\jre\bin\fontmanager.dll
0x6d6e0000 - 0x6d6e9000 	C:\Program Files (x86)\Java\jdk1.6.0_45\jre\bin\nio.dll
0x5f980000 - 0x5f9fd000 	C:\Windows\System32\TextInputFramework.dll
0x5fa90000 - 0x5fcfb000 	C:\Windows\System32\CoreUIComponents.dll
0x5fa00000 - 0x5fa90000 	C:\Windows\System32\CoreMessaging.dll
0x726c0000 - 0x726e9000 	C:\Windows\SYSTEM32\ntmarta.dll
0x6ac60000 - 0x6ad39000 	C:\Windows\SYSTEM32\wintypes.dll
0x75e00000 - 0x75e06000 	C:\Windows\System32\PSAPI.DLL

VM Arguments:
jvm_args: -javaagent:W:\IntelliJ IDEA 2021.2.3\lib\idea_rt.jar=11151:W:\IntelliJ IDEA 2021.2.3\bin -Dfile.encoding=UTF-8 
java_command: main
Launcher Type: SUN_STANDARD

Environment Variables:
PATH=C:\Users\Admin\AppData\Local\Programs\Python\Python38-32\Scripts\;C:\Windows\system32;C:\Windows;C:\Windows\System32\Wbem;C:\Windows\System32\WindowsPowerShell\v1.0\;C:\Windows\System32\OpenSSH\;W:\Mail\Gpg4win\..\GnuPG\bin;C:\Users\Admin\AppData\Local\Microsoft\WindowsApps;C:\Users\Admin\AppData\Local\Programs\Python\Python38-32\;W:\Git\Git\cmd;W:\Install\cocos2d-x\cocos2d-x-4.0\cocos2d-x-4.0\tools\cocos2d-console\bin;C:\Program Files\dotnet\;C:\Program Files\Microsoft SQL Server\130\Tools\Binn\;C:\Program Files\Microsoft SQL Server\Client SDK\ODBC\170\Tools\Binn\;W:\itstep\;C:\Users\Admin\AppData\Local\Programs\Python\Python38-32\Scripts\;C:\Windows\system32;C:\Windows;C:\Windows\System32\Wbem;C:\Windows\System32\WindowsPowerShell\v1.0\;C:\Windows\System32\OpenSSH\;W:\Mail\Gpg4win\..\GnuPG\bin;C:\Users\Admin\AppData\Local\Microsoft\WindowsApps;C:\Users\Admin\AppData\Local\Programs\Python\Python38-32\;W:\Git\Git\cmd;W:\Install\cocos2d-x\cocos2d-x-4.0\cocos2d-x-4.0\tools\cocos2d-console\bin;C:\Program Files\dotnet\;C:\Program Files\Microsoft SQL Server\130\Tools\Binn\;C:\Program Files\Microsoft SQL Server\Client SDK\ODBC\170\Tools\Binn\;W:\itstep\;W:\Scripts\;W:\;W:\Install\cocos2d-x\cocos2d-x-4.0\cocos2d-x-4.0\templates;W:\Install\cocos2d-x\cocos2d-x-4.0;\cocos2d-x\cocos2d-x-4.0\cocos2d-x-4.0\tools\cocos2d-console\bin;\cocos2d-x-4.0\templates;W:\Microsoft VS Code\bin;C:\Users\Admin\AppData\Local\GitHubDesktop\bin;W:\CLion 2021.2\bin;;C:\Users\Admin\.dotnet\tools;W:\IntelliJ IDEA 2021.2.3\bin;;W:\PyCharm 2021.2.3\bin;;W:\python\Scripts
USERNAME=Admin
OS=Windows_NT
PROCESSOR_IDENTIFIER=Intel64 Family 6 Model 126 Stepping 5, GenuineIntel



---------------  S Y S T E M  ---------------

OS: Windows 8 , 64 bit Build 9200 

CPU:total 8 (4 cores per cpu, 2 threads per core) family 6 model 126 stepping 5, cmov, cx8, fxsr, mmx, sse, sse2, sse3, ssse3, sse4.1, sse4.2, popcnt, ht

Memory: 4k page, physical 16543480k(7882136k free), swap 19033848k(8951564k free)

vm_info: Java HotSpot(TM) Client VM (20.45-b01) for windows-x86 JRE (1.6.0_45-b06), built on Mar 26 2013 13:40:03 by "java_re" with MS VC++ 7.1 (VS2003)

time: Mon Dec 13 22:21:07 2021
elapsed time: 0 seconds

